2025-10-12 00:25:02 [background-preinit] INFO  o.h.validator.internal.util.Version [Version.java:21] - HV000001: Hibernate Validator 8.0.3.Final
2025-10-12 00:25:02 [restartedMain] INFO  c.e.a.AfangUserBackendApplication [StartupInfoLogger.java:53] - Starting AfangUserBackendApplication using Java 21.0.8 with PID 26684 (E:\coding\AFang\backend\afang-user-backend\target\classes started by Lenovo in E:\coding\AFang\backend\afang-user-backend)
2025-10-12 00:25:02 [restartedMain] INFO  c.e.a.AfangUserBackendApplication [SpringApplication.java:652] - No active profile set, falling back to 1 default profile: "default"
2025-10-12 00:25:02 [restartedMain] INFO  o.s.b.d.e.DevToolsPropertyDefaultsPostProcessor [LogLevel.java:68] - Devtools property defaults active! Set 'spring.devtools.add-properties' to 'false' to disable
2025-10-12 00:25:02 [restartedMain] INFO  o.s.b.d.e.DevToolsPropertyDefaultsPostProcessor [LogLevel.java:68] - For additional web related logging consider setting the 'logging.level.web' property to 'DEBUG'
2025-10-12 00:25:03 [restartedMain] INFO  o.s.d.r.c.RepositoryConfigurationDelegate [RepositoryConfigurationDelegate.java:294] - Multiple Spring Data modules found, entering strict repository configuration mode
2025-10-12 00:25:03 [restartedMain] INFO  o.s.d.r.c.RepositoryConfigurationDelegate [RepositoryConfigurationDelegate.java:145] - Bootstrapping Spring Data JPA repositories in DEFAULT mode.
2025-10-12 00:25:03 [restartedMain] INFO  o.s.d.r.c.RepositoryConfigurationDelegate [RepositoryConfigurationDelegate.java:213] - Finished Spring Data repository scanning in 46 ms. Found 0 JPA repository interfaces.
2025-10-12 00:25:03 [restartedMain] INFO  o.s.d.r.c.RepositoryConfigurationDelegate [RepositoryConfigurationDelegate.java:294] - Multiple Spring Data modules found, entering strict repository configuration mode
2025-10-12 00:25:03 [restartedMain] INFO  o.s.d.r.c.RepositoryConfigurationDelegate [RepositoryConfigurationDelegate.java:145] - Bootstrapping Spring Data Redis repositories in DEFAULT mode.
2025-10-12 00:25:03 [restartedMain] INFO  o.s.d.r.c.RepositoryConfigurationDelegate [RepositoryConfigurationDelegate.java:213] - Finished Spring Data repository scanning in 25 ms. Found 0 Redis repository interfaces.
2025-10-12 00:25:04 [restartedMain] INFO  o.s.b.w.e.tomcat.TomcatWebServer [TomcatWebServer.java:111] - Tomcat initialized with port 8123 (http)
2025-10-12 00:25:04 [restartedMain] INFO  o.a.coyote.http11.Http11NioProtocol [DirectJDKLog.java:168] - Initializing ProtocolHandler ["http-nio-8123"]
2025-10-12 00:25:04 [restartedMain] INFO  o.a.catalina.core.StandardService [DirectJDKLog.java:168] - Starting service [Tomcat]
2025-10-12 00:25:04 [restartedMain] INFO  o.a.catalina.core.StandardEngine [DirectJDKLog.java:168] - Starting Servlet engine: [Apache Tomcat/10.1.46]
2025-10-12 00:25:04 [restartedMain] INFO  o.a.c.c.C.[.[localhost].[/api] [DirectJDKLog.java:168] - Initializing Spring embedded WebApplicationContext
2025-10-12 00:25:04 [restartedMain] INFO  o.s.b.w.s.c.ServletWebServerApplicationContext [ServletWebServerApplicationContext.java:301] - Root WebApplicationContext: initialization completed in 2554 ms
2025-10-12 00:25:05 [restartedMain] ERROR o.s.b.w.e.tomcat.TomcatStarter [TomcatStarter.java:60] - Error starting Tomcat context. Exception: org.springframework.beans.factory.UnsatisfiedDependencyException. Message: Error creating bean with name 'jwtFilter' defined in file [E:\coding\AFang\backend\afang-user-backend\target\classes\com\example\afanguserbackend\filter\JwtFilter.class]: Unsatisfied dependency expressed through constructor parameter 2: Error creating bean with name 'userServiceImpl' defined in file [E:\coding\AFang\backend\afang-user-backend\target\classes\com\example\afanguserbackend\service\impl\user\UserServiceImpl.class]: Unsatisfied dependency expressed through constructor parameter 0: Error creating bean with name 'securityConfig': Injection of resource dependencies failed
2025-10-12 00:25:05 [restartedMain] INFO  o.a.catalina.core.StandardService [DirectJDKLog.java:168] - Stopping service [Tomcat]
2025-10-12 00:25:05 [restartedMain] WARN  o.a.c.loader.WebappClassLoaderBase [DirectJDKLog.java:168] - The web application [api] appears to have started a thread named [lettuce-timer-3-1] but has failed to stop it. This is very likely to create a memory leak. Stack trace of thread:
 java.base/java.lang.Thread.sleep0(Native Method)
 java.base/java.lang.Thread.sleep(Thread.java:509)
 io.netty.util.HashedWheelTimer$Worker.waitForNextTick(HashedWheelTimer.java:598)
 io.netty.util.HashedWheelTimer$Worker.run(HashedWheelTimer.java:494)
 io.netty.util.concurrent.FastThreadLocalRunnable.run(FastThreadLocalRunnable.java:30)
 java.base/java.lang.Thread.run(Thread.java:1583)
2025-10-12 00:25:05 [restartedMain] WARN  o.s.b.w.s.c.AnnotationConfigServletWebServerApplicationContext [AbstractApplicationContext.java:635] - Exception encountered during context initialization - cancelling refresh attempt: org.springframework.context.ApplicationContextException: Unable to start web server
2025-10-12 00:25:05 [restartedMain] INFO  o.s.b.a.l.ConditionEvaluationReportLogger [ConditionEvaluationReportLogger.java:82] - 

Error starting ApplicationContext. To display the condition evaluation report re-run your application with 'debug' enabled.
2025-10-12 00:25:05 [restartedMain] ERROR o.s.b.d.LoggingFailureAnalysisReporter [LoggingFailureAnalysisReporter.java:40] - 

***************************
APPLICATION FAILED TO START
***************************

Description:

The dependencies of some of the beans in the application context form a cycle:

┌─────┐
|  jwtFilter defined in file [E:\coding\AFang\backend\afang-user-backend\target\classes\com\example\afanguserbackend\filter\JwtFilter.class]
↑     ↓
|  userServiceImpl defined in file [E:\coding\AFang\backend\afang-user-backend\target\classes\com\example\afanguserbackend\service\impl\user\UserServiceImpl.class]
↑     ↓
|  securityConfig
└─────┘


Action:

Relying upon circular references is discouraged and they are prohibited by default. Update your application to remove the dependency cycle between beans. As a last resort, it may be possible to break the cycle automatically by setting spring.main.allow-circular-references to true.

2025-10-12 00:27:15 [background-preinit] INFO  o.h.validator.internal.util.Version [Version.java:21] - HV000001: Hibernate Validator 8.0.3.Final
2025-10-12 00:27:15 [restartedMain] INFO  c.e.a.AfangUserBackendApplication [StartupInfoLogger.java:53] - Starting AfangUserBackendApplication using Java 21.0.8 with PID 36364 (E:\coding\AFang\backend\afang-user-backend\target\classes started by Lenovo in E:\coding\AFang\backend\afang-user-backend)
2025-10-12 00:27:15 [restartedMain] INFO  c.e.a.AfangUserBackendApplication [SpringApplication.java:652] - No active profile set, falling back to 1 default profile: "default"
2025-10-12 00:27:15 [restartedMain] INFO  o.s.b.d.e.DevToolsPropertyDefaultsPostProcessor [LogLevel.java:68] - Devtools property defaults active! Set 'spring.devtools.add-properties' to 'false' to disable
2025-10-12 00:27:15 [restartedMain] INFO  o.s.b.d.e.DevToolsPropertyDefaultsPostProcessor [LogLevel.java:68] - For additional web related logging consider setting the 'logging.level.web' property to 'DEBUG'
2025-10-12 00:27:17 [restartedMain] INFO  o.s.d.r.c.RepositoryConfigurationDelegate [RepositoryConfigurationDelegate.java:294] - Multiple Spring Data modules found, entering strict repository configuration mode
2025-10-12 00:27:17 [restartedMain] INFO  o.s.d.r.c.RepositoryConfigurationDelegate [RepositoryConfigurationDelegate.java:145] - Bootstrapping Spring Data JPA repositories in DEFAULT mode.
2025-10-12 00:27:17 [restartedMain] INFO  o.s.d.r.c.RepositoryConfigurationDelegate [RepositoryConfigurationDelegate.java:213] - Finished Spring Data repository scanning in 40 ms. Found 0 JPA repository interfaces.
2025-10-12 00:27:17 [restartedMain] INFO  o.s.d.r.c.RepositoryConfigurationDelegate [RepositoryConfigurationDelegate.java:294] - Multiple Spring Data modules found, entering strict repository configuration mode
2025-10-12 00:27:17 [restartedMain] INFO  o.s.d.r.c.RepositoryConfigurationDelegate [RepositoryConfigurationDelegate.java:145] - Bootstrapping Spring Data Redis repositories in DEFAULT mode.
2025-10-12 00:27:17 [restartedMain] INFO  o.s.d.r.c.RepositoryConfigurationDelegate [RepositoryConfigurationDelegate.java:213] - Finished Spring Data repository scanning in 20 ms. Found 0 Redis repository interfaces.
2025-10-12 00:27:18 [restartedMain] INFO  o.s.b.w.e.tomcat.TomcatWebServer [TomcatWebServer.java:111] - Tomcat initialized with port 8123 (http)
2025-10-12 00:27:18 [restartedMain] INFO  o.a.coyote.http11.Http11NioProtocol [DirectJDKLog.java:168] - Initializing ProtocolHandler ["http-nio-8123"]
2025-10-12 00:27:18 [restartedMain] INFO  o.a.catalina.core.StandardService [DirectJDKLog.java:168] - Starting service [Tomcat]
2025-10-12 00:27:18 [restartedMain] INFO  o.a.catalina.core.StandardEngine [DirectJDKLog.java:168] - Starting Servlet engine: [Apache Tomcat/10.1.46]
2025-10-12 00:27:18 [restartedMain] INFO  o.a.c.c.C.[.[localhost].[/api] [DirectJDKLog.java:168] - Initializing Spring embedded WebApplicationContext
2025-10-12 00:27:18 [restartedMain] INFO  o.s.b.w.s.c.ServletWebServerApplicationContext [ServletWebServerApplicationContext.java:301] - Root WebApplicationContext: initialization completed in 2440 ms
2025-10-12 00:27:18 [restartedMain] ERROR o.s.b.w.e.tomcat.TomcatStarter [TomcatStarter.java:60] - Error starting Tomcat context. Exception: org.springframework.beans.factory.UnsatisfiedDependencyException. Message: Error creating bean with name 'jwtFilter' defined in file [E:\coding\AFang\backend\afang-user-backend\target\classes\com\example\afanguserbackend\filter\JwtFilter.class]: Unsatisfied dependency expressed through constructor parameter 2: Error creating bean with name 'userServiceImpl' defined in file [E:\coding\AFang\backend\afang-user-backend\target\classes\com\example\afanguserbackend\service\impl\user\UserServiceImpl.class]: Unsatisfied dependency expressed through constructor parameter 0: Error creating bean with name 'securityConfig': Injection of resource dependencies failed
2025-10-12 00:27:18 [restartedMain] INFO  o.a.catalina.core.StandardService [DirectJDKLog.java:168] - Stopping service [Tomcat]
2025-10-12 00:27:18 [restartedMain] WARN  o.a.c.loader.WebappClassLoaderBase [DirectJDKLog.java:168] - The web application [api] appears to have started a thread named [lettuce-timer-3-1] but has failed to stop it. This is very likely to create a memory leak. Stack trace of thread:
 java.base/java.lang.Thread.sleep0(Native Method)
 java.base/java.lang.Thread.sleep(Thread.java:509)
 io.netty.util.HashedWheelTimer$Worker.waitForNextTick(HashedWheelTimer.java:598)
 io.netty.util.HashedWheelTimer$Worker.run(HashedWheelTimer.java:494)
 io.netty.util.concurrent.FastThreadLocalRunnable.run(FastThreadLocalRunnable.java:30)
 java.base/java.lang.Thread.run(Thread.java:1583)
2025-10-12 00:27:18 [restartedMain] WARN  o.s.b.w.s.c.AnnotationConfigServletWebServerApplicationContext [AbstractApplicationContext.java:635] - Exception encountered during context initialization - cancelling refresh attempt: org.springframework.context.ApplicationContextException: Unable to start web server
2025-10-12 00:27:18 [restartedMain] INFO  o.s.b.a.l.ConditionEvaluationReportLogger [ConditionEvaluationReportLogger.java:82] - 

Error starting ApplicationContext. To display the condition evaluation report re-run your application with 'debug' enabled.
2025-10-12 00:27:18 [restartedMain] ERROR o.s.b.d.LoggingFailureAnalysisReporter [LoggingFailureAnalysisReporter.java:40] - 

***************************
APPLICATION FAILED TO START
***************************

Description:

The dependencies of some of the beans in the application context form a cycle:

┌─────┐
|  jwtFilter defined in file [E:\coding\AFang\backend\afang-user-backend\target\classes\com\example\afanguserbackend\filter\JwtFilter.class]
↑     ↓
|  userServiceImpl defined in file [E:\coding\AFang\backend\afang-user-backend\target\classes\com\example\afanguserbackend\service\impl\user\UserServiceImpl.class]
↑     ↓
|  securityConfig
└─────┘


Action:

Relying upon circular references is discouraged and they are prohibited by default. Update your application to remove the dependency cycle between beans. As a last resort, it may be possible to break the cycle automatically by setting spring.main.allow-circular-references to true.

