2025-10-10 22:00:53 [restartedMain] INFO  c.e.a.AfangUserBackendApplication [StartupInfoLogger.java:53] - Starting AfangUserBackendApplication using Java 21.0.8 with PID 50040 (E:\coding\AFang\backend\afang-user-backend\target\classes started by Lenovo in E:\coding\AFang\backend\afang-user-backend)
2025-10-10 22:00:53 [restartedMain] INFO  c.e.a.AfangUserBackendApplication [SpringApplication.java:652] - No active profile set, falling back to 1 default profile: "default"
2025-10-10 22:00:53 [restartedMain] INFO  o.s.d.r.c.RepositoryConfigurationDelegate [RepositoryConfigurationDelegate.java:145] - Bootstrapping Spring Data JPA repositories in DEFAULT mode.
2025-10-10 22:00:53 [restartedMain] INFO  o.s.d.r.c.RepositoryConfigurationDelegate [RepositoryConfigurationDelegate.java:213] - Finished Spring Data repository scanning in 20 ms. Found 0 JPA repository interfaces.
2025-10-10 22:00:53 [restartedMain] INFO  o.s.b.w.e.tomcat.TomcatWebServer [TomcatWebServer.java:111] - Tomcat initialized with port 8123 (http)
2025-10-10 22:00:53 [restartedMain] INFO  o.a.catalina.core.StandardService [DirectJDKLog.java:168] - Starting service [Tomcat]
2025-10-10 22:00:53 [restartedMain] INFO  o.a.catalina.core.StandardEngine [DirectJDKLog.java:168] - Starting Servlet engine: [Apache Tomcat/10.1.46]
2025-10-10 22:00:53 [restartedMain] INFO  o.a.c.c.C.[.[localhost].[/api] [DirectJDKLog.java:168] - Initializing Spring embedded WebApplicationContext
2025-10-10 22:00:53 [restartedMain] INFO  o.s.b.w.s.c.ServletWebServerApplicationContext [ServletWebServerApplicationContext.java:301] - Root WebApplicationContext: initialization completed in 587 ms
2025-10-10 22:00:53 [restartedMain] INFO  com.zaxxer.hikari.HikariDataSource [HikariDataSource.java:109] - HikariPool-2 - Starting...
2025-10-10 22:00:53 [restartedMain] INFO  com.zaxxer.hikari.pool.HikariPool [HikariPool.java:580] - HikariPool-2 - Added connection com.mysql.cj.jdbc.ConnectionImpl@21648227
2025-10-10 22:00:53 [restartedMain] INFO  com.zaxxer.hikari.HikariDataSource [HikariDataSource.java:122] - HikariPool-2 - Start completed.
2025-10-10 22:00:53 [restartedMain] INFO  o.h.jpa.internal.util.LogHelper [LogHelper.java:31] - HHH000204: Processing PersistenceUnitInfo [name: default]
2025-10-10 22:00:53 [restartedMain] INFO  o.h.c.i.RegionFactoryInitiator [RegionFactoryInitiator.java:50] - HHH000026: Second-level cache disabled
2025-10-10 22:00:53 [restartedMain] INFO  o.s.o.j.p.SpringPersistenceUnitInfo [SpringPersistenceUnitInfo.java:87] - No LoadTimeWeaver setup: ignoring JPA class transformer
2025-10-10 22:00:53 [restartedMain] INFO  o.hibernate.orm.connections.pooling [JdbcEnvironmentInitiator.java:163] - HHH10001005: Database info:
	Database JDBC URL [Connecting through datasource 'HikariDataSource (HikariPool-2)']
	Database driver: undefined/unknown
	Database version: 8.0.43
	Autocommit mode: undefined/unknown
	Isolation level: undefined/unknown
	Minimum pool size: undefined/unknown
	Maximum pool size: undefined/unknown
2025-10-10 22:00:53 [restartedMain] INFO  o.h.e.t.j.p.i.JtaPlatformInitiator [JtaPlatformInitiator.java:59] - HHH000489: No JTA platform available (set 'hibernate.transaction.jta.platform' to enable JTA platform integration)
2025-10-10 22:00:53 [restartedMain] INFO  o.s.o.j.LocalContainerEntityManagerFactoryBean [AbstractEntityManagerFactoryBean.java:447] - Initialized JPA EntityManagerFactory for persistence unit 'default'
2025-10-10 22:00:54 [restartedMain] WARN  o.s.b.a.o.j.JpaBaseConfiguration$JpaWebConfiguration [JpaBaseConfiguration.java:258] - spring.jpa.open-in-view is enabled by default. Therefore, database queries may be performed during view rendering. Explicitly configure spring.jpa.open-in-view to disable this warning
2025-10-10 22:00:54 [restartedMain] INFO  o.s.v.b.OptionalValidatorFactoryBean [OptionalValidatorFactoryBean.java:48] - Failed to set up a Bean Validation provider: jakarta.validation.NoProviderFoundException: Unable to create a Configuration, because no Jakarta Bean Validation provider could be found. Add a provider like Hibernate Validator (RI) to your classpath.
2025-10-10 22:00:54 [restartedMain] INFO  o.s.b.d.a.OptionalLiveReloadServer [OptionalLiveReloadServer.java:59] - LiveReload server is running on port 35729
2025-10-10 22:00:54 [restartedMain] INFO  o.s.b.w.e.tomcat.TomcatWebServer [TomcatWebServer.java:243] - Tomcat started on port 8123 (http) with context path '/api'
2025-10-10 22:00:54 [restartedMain] INFO  c.e.a.AfangUserBackendApplication [StartupInfoLogger.java:59] - Started AfangUserBackendApplication in 1.171 seconds (process running for 465.066)
2025-10-10 22:00:54 [restartedMain] INFO  o.s.b.d.a.ConditionEvaluationDeltaLoggingListener [ConditionEvaluationDeltaLoggingListener.java:63] - Condition evaluation unchanged
2025-10-10 22:02:49 [SpringApplicationShutdownHook] INFO  o.s.b.w.e.tomcat.GracefulShutdown [GracefulShutdown.java:54] - Commencing graceful shutdown. Waiting for active requests to complete
2025-10-10 22:02:49 [tomcat-shutdown] INFO  o.s.b.w.e.tomcat.GracefulShutdown [GracefulShutdown.java:76] - Graceful shutdown complete
2025-10-10 22:02:49 [SpringApplicationShutdownHook] INFO  o.s.o.j.LocalContainerEntityManagerFactoryBean [AbstractEntityManagerFactoryBean.java:660] - Closing JPA EntityManagerFactory for persistence unit 'default'
2025-10-10 22:02:49 [SpringApplicationShutdownHook] INFO  com.zaxxer.hikari.HikariDataSource [HikariDataSource.java:349] - HikariPool-2 - Shutdown initiated...
2025-10-10 22:02:49 [SpringApplicationShutdownHook] INFO  com.zaxxer.hikari.HikariDataSource [HikariDataSource.java:351] - HikariPool-2 - Shutdown completed.
2025-10-10 22:02:54 [restartedMain] INFO  c.e.a.AfangUserBackendApplication [StartupInfoLogger.java:53] - Starting AfangUserBackendApplication using Java 21.0.8 with PID 9788 (E:\coding\AFang\backend\afang-user-backend\target\classes started by Lenovo in E:\coding\AFang\backend\afang-user-backend)
2025-10-10 22:02:54 [restartedMain] INFO  c.e.a.AfangUserBackendApplication [SpringApplication.java:652] - No active profile set, falling back to 1 default profile: "default"
2025-10-10 22:02:54 [restartedMain] INFO  o.s.b.d.e.DevToolsPropertyDefaultsPostProcessor [LogLevel.java:68] - Devtools property defaults active! Set 'spring.devtools.add-properties' to 'false' to disable
2025-10-10 22:02:54 [restartedMain] INFO  o.s.b.d.e.DevToolsPropertyDefaultsPostProcessor [LogLevel.java:68] - For additional web related logging consider setting the 'logging.level.web' property to 'DEBUG'
2025-10-10 22:02:55 [restartedMain] INFO  o.s.d.r.c.RepositoryConfigurationDelegate [RepositoryConfigurationDelegate.java:145] - Bootstrapping Spring Data JPA repositories in DEFAULT mode.
2025-10-10 22:02:55 [restartedMain] INFO  o.s.d.r.c.RepositoryConfigurationDelegate [RepositoryConfigurationDelegate.java:213] - Finished Spring Data repository scanning in 24 ms. Found 0 JPA repository interfaces.
2025-10-10 22:02:55 [restartedMain] INFO  o.s.b.w.e.tomcat.TomcatWebServer [TomcatWebServer.java:111] - Tomcat initialized with port 8123 (http)
2025-10-10 22:02:55 [restartedMain] INFO  o.a.coyote.http11.Http11NioProtocol [DirectJDKLog.java:168] - Initializing ProtocolHandler ["http-nio-8123"]
2025-10-10 22:02:55 [restartedMain] INFO  o.a.catalina.core.StandardService [DirectJDKLog.java:168] - Starting service [Tomcat]
2025-10-10 22:02:55 [restartedMain] INFO  o.a.catalina.core.StandardEngine [DirectJDKLog.java:168] - Starting Servlet engine: [Apache Tomcat/10.1.46]
2025-10-10 22:02:56 [restartedMain] INFO  o.a.c.c.C.[.[localhost].[/api] [DirectJDKLog.java:168] - Initializing Spring embedded WebApplicationContext
2025-10-10 22:02:56 [restartedMain] INFO  o.s.b.w.s.c.ServletWebServerApplicationContext [ServletWebServerApplicationContext.java:301] - Root WebApplicationContext: initialization completed in 1671 ms
2025-10-10 22:02:56 [restartedMain] INFO  com.zaxxer.hikari.HikariDataSource [HikariDataSource.java:109] - HikariPool-1 - Starting...
2025-10-10 22:02:56 [restartedMain] INFO  com.zaxxer.hikari.pool.HikariPool [HikariPool.java:580] - HikariPool-1 - Added connection com.mysql.cj.jdbc.ConnectionImpl@7c564a58
2025-10-10 22:02:56 [restartedMain] INFO  com.zaxxer.hikari.HikariDataSource [HikariDataSource.java:122] - HikariPool-1 - Start completed.
2025-10-10 22:02:56 [restartedMain] INFO  o.h.jpa.internal.util.LogHelper [LogHelper.java:31] - HHH000204: Processing PersistenceUnitInfo [name: default]
2025-10-10 22:02:56 [restartedMain] INFO  org.hibernate.Version [Version.java:44] - HHH000412: Hibernate ORM core version 6.6.29.Final
2025-10-10 22:02:56 [restartedMain] INFO  o.h.c.i.RegionFactoryInitiator [RegionFactoryInitiator.java:50] - HHH000026: Second-level cache disabled
2025-10-10 22:02:56 [restartedMain] INFO  o.s.o.j.p.SpringPersistenceUnitInfo [SpringPersistenceUnitInfo.java:87] - No LoadTimeWeaver setup: ignoring JPA class transformer
2025-10-10 22:02:56 [restartedMain] INFO  o.hibernate.orm.connections.pooling [JdbcEnvironmentInitiator.java:163] - HHH10001005: Database info:
	Database JDBC URL [Connecting through datasource 'HikariDataSource (HikariPool-1)']
	Database driver: undefined/unknown
	Database version: 8.0.43
	Autocommit mode: undefined/unknown
	Isolation level: undefined/unknown
	Minimum pool size: undefined/unknown
	Maximum pool size: undefined/unknown
2025-10-10 22:02:57 [restartedMain] INFO  o.h.e.t.j.p.i.JtaPlatformInitiator [JtaPlatformInitiator.java:59] - HHH000489: No JTA platform available (set 'hibernate.transaction.jta.platform' to enable JTA platform integration)
2025-10-10 22:02:57 [restartedMain] INFO  o.s.o.j.LocalContainerEntityManagerFactoryBean [AbstractEntityManagerFactoryBean.java:447] - Initialized JPA EntityManagerFactory for persistence unit 'default'
2025-10-10 22:02:57 [restartedMain] WARN  o.s.b.a.o.j.JpaBaseConfiguration$JpaWebConfiguration [JpaBaseConfiguration.java:258] - spring.jpa.open-in-view is enabled by default. Therefore, database queries may be performed during view rendering. Explicitly configure spring.jpa.open-in-view to disable this warning
2025-10-10 22:02:57 [restartedMain] INFO  o.s.v.b.OptionalValidatorFactoryBean [OptionalValidatorFactoryBean.java:48] - Failed to set up a Bean Validation provider: jakarta.validation.NoProviderFoundException: Unable to create a Configuration, because no Jakarta Bean Validation provider could be found. Add a provider like Hibernate Validator (RI) to your classpath.
2025-10-10 22:02:58 [restartedMain] INFO  o.s.b.d.a.OptionalLiveReloadServer [OptionalLiveReloadServer.java:59] - LiveReload server is running on port 35729
2025-10-10 22:02:58 [restartedMain] INFO  o.a.coyote.http11.Http11NioProtocol [DirectJDKLog.java:168] - Starting ProtocolHandler ["http-nio-8123"]
2025-10-10 22:02:58 [restartedMain] INFO  o.s.b.w.e.tomcat.TomcatWebServer [TomcatWebServer.java:243] - Tomcat started on port 8123 (http) with context path '/api'
2025-10-10 22:02:58 [restartedMain] INFO  c.e.a.AfangUserBackendApplication [StartupInfoLogger.java:59] - Started AfangUserBackendApplication in 4.698 seconds (process running for 5.68)
2025-10-10 22:10:47 [SpringApplicationShutdownHook] INFO  o.s.b.w.e.tomcat.GracefulShutdown [GracefulShutdown.java:54] - Commencing graceful shutdown. Waiting for active requests to complete
2025-10-10 22:10:47 [tomcat-shutdown] INFO  o.s.b.w.e.tomcat.GracefulShutdown [GracefulShutdown.java:76] - Graceful shutdown complete
2025-10-10 22:10:47 [SpringApplicationShutdownHook] INFO  o.s.o.j.LocalContainerEntityManagerFactoryBean [AbstractEntityManagerFactoryBean.java:660] - Closing JPA EntityManagerFactory for persistence unit 'default'
2025-10-10 22:10:47 [SpringApplicationShutdownHook] INFO  com.zaxxer.hikari.HikariDataSource [HikariDataSource.java:349] - HikariPool-1 - Shutdown initiated...
2025-10-10 22:10:47 [SpringApplicationShutdownHook] INFO  com.zaxxer.hikari.HikariDataSource [HikariDataSource.java:351] - HikariPool-1 - Shutdown completed.
2025-10-10 22:10:55 [restartedMain] INFO  c.e.a.AfangUserBackendApplication [StartupInfoLogger.java:53] - Starting AfangUserBackendApplication using Java 21.0.8 with PID 20740 (E:\coding\AFang\backend\afang-user-backend\target\classes started by Lenovo in E:\coding\AFang\backend\afang-user-backend)
2025-10-10 22:10:55 [restartedMain] INFO  c.e.a.AfangUserBackendApplication [SpringApplication.java:652] - No active profile set, falling back to 1 default profile: "default"
2025-10-10 22:10:55 [restartedMain] INFO  o.s.b.d.e.DevToolsPropertyDefaultsPostProcessor [LogLevel.java:68] - Devtools property defaults active! Set 'spring.devtools.add-properties' to 'false' to disable
2025-10-10 22:10:55 [restartedMain] INFO  o.s.b.d.e.DevToolsPropertyDefaultsPostProcessor [LogLevel.java:68] - For additional web related logging consider setting the 'logging.level.web' property to 'DEBUG'
2025-10-10 22:10:56 [restartedMain] INFO  o.s.d.r.c.RepositoryConfigurationDelegate [RepositoryConfigurationDelegate.java:145] - Bootstrapping Spring Data JPA repositories in DEFAULT mode.
2025-10-10 22:10:56 [restartedMain] INFO  o.s.d.r.c.RepositoryConfigurationDelegate [RepositoryConfigurationDelegate.java:213] - Finished Spring Data repository scanning in 26 ms. Found 0 JPA repository interfaces.
2025-10-10 22:10:56 [restartedMain] INFO  o.s.b.w.e.tomcat.TomcatWebServer [TomcatWebServer.java:111] - Tomcat initialized with port 8123 (http)
2025-10-10 22:10:56 [restartedMain] INFO  o.a.coyote.http11.Http11NioProtocol [DirectJDKLog.java:168] - Initializing ProtocolHandler ["http-nio-8123"]
2025-10-10 22:10:56 [restartedMain] INFO  o.a.catalina.core.StandardService [DirectJDKLog.java:168] - Starting service [Tomcat]
2025-10-10 22:10:56 [restartedMain] INFO  o.a.catalina.core.StandardEngine [DirectJDKLog.java:168] - Starting Servlet engine: [Apache Tomcat/10.1.46]
2025-10-10 22:10:56 [restartedMain] INFO  o.a.c.c.C.[.[localhost].[/api] [DirectJDKLog.java:168] - Initializing Spring embedded WebApplicationContext
2025-10-10 22:10:56 [restartedMain] INFO  o.s.b.w.s.c.ServletWebServerApplicationContext [ServletWebServerApplicationContext.java:301] - Root WebApplicationContext: initialization completed in 1639 ms
2025-10-10 22:10:57 [restartedMain] INFO  com.zaxxer.hikari.HikariDataSource [HikariDataSource.java:109] - HikariPool-1 - Starting...
2025-10-10 22:10:57 [restartedMain] INFO  com.zaxxer.hikari.pool.HikariPool [HikariPool.java:580] - HikariPool-1 - Added connection com.mysql.cj.jdbc.ConnectionImpl@13e3d59d
2025-10-10 22:10:57 [restartedMain] INFO  com.zaxxer.hikari.HikariDataSource [HikariDataSource.java:122] - HikariPool-1 - Start completed.
2025-10-10 22:10:57 [restartedMain] INFO  o.h.jpa.internal.util.LogHelper [LogHelper.java:31] - HHH000204: Processing PersistenceUnitInfo [name: default]
2025-10-10 22:10:57 [restartedMain] INFO  org.hibernate.Version [Version.java:44] - HHH000412: Hibernate ORM core version 6.6.29.Final
2025-10-10 22:10:57 [restartedMain] INFO  o.h.c.i.RegionFactoryInitiator [RegionFactoryInitiator.java:50] - HHH000026: Second-level cache disabled
2025-10-10 22:10:57 [restartedMain] INFO  o.s.o.j.p.SpringPersistenceUnitInfo [SpringPersistenceUnitInfo.java:87] - No LoadTimeWeaver setup: ignoring JPA class transformer
2025-10-10 22:10:57 [restartedMain] INFO  o.hibernate.orm.connections.pooling [JdbcEnvironmentInitiator.java:163] - HHH10001005: Database info:
	Database JDBC URL [Connecting through datasource 'HikariDataSource (HikariPool-1)']
	Database driver: undefined/unknown
	Database version: 8.0.43
	Autocommit mode: undefined/unknown
	Isolation level: undefined/unknown
	Minimum pool size: undefined/unknown
	Maximum pool size: undefined/unknown
2025-10-10 22:10:58 [restartedMain] INFO  o.h.e.t.j.p.i.JtaPlatformInitiator [JtaPlatformInitiator.java:59] - HHH000489: No JTA platform available (set 'hibernate.transaction.jta.platform' to enable JTA platform integration)
2025-10-10 22:10:58 [restartedMain] INFO  o.s.o.j.LocalContainerEntityManagerFactoryBean [AbstractEntityManagerFactoryBean.java:447] - Initialized JPA EntityManagerFactory for persistence unit 'default'
2025-10-10 22:10:58 [restartedMain] WARN  o.s.b.a.o.j.JpaBaseConfiguration$JpaWebConfiguration [JpaBaseConfiguration.java:258] - spring.jpa.open-in-view is enabled by default. Therefore, database queries may be performed during view rendering. Explicitly configure spring.jpa.open-in-view to disable this warning
2025-10-10 22:10:58 [restartedMain] INFO  o.s.v.b.OptionalValidatorFactoryBean [OptionalValidatorFactoryBean.java:48] - Failed to set up a Bean Validation provider: jakarta.validation.NoProviderFoundException: Unable to create a Configuration, because no Jakarta Bean Validation provider could be found. Add a provider like Hibernate Validator (RI) to your classpath.
2025-10-10 22:10:59 [restartedMain] INFO  o.s.b.d.a.OptionalLiveReloadServer [OptionalLiveReloadServer.java:59] - LiveReload server is running on port 35729
2025-10-10 22:10:59 [restartedMain] INFO  o.a.coyote.http11.Http11NioProtocol [DirectJDKLog.java:168] - Starting ProtocolHandler ["http-nio-8123"]
2025-10-10 22:10:59 [restartedMain] INFO  o.s.b.w.e.tomcat.TomcatWebServer [TomcatWebServer.java:243] - Tomcat started on port 8123 (http) with context path '/api'
2025-10-10 22:10:59 [restartedMain] INFO  c.e.a.AfangUserBackendApplication [StartupInfoLogger.java:59] - Started AfangUserBackendApplication in 4.645 seconds (process running for 5.611)
2025-10-10 22:11:12 [http-nio-8123-exec-2] INFO  o.a.c.c.C.[.[localhost].[/api] [DirectJDKLog.java:168] - Initializing Spring DispatcherServlet 'dispatcherServlet'
2025-10-10 22:11:12 [http-nio-8123-exec-2] INFO  o.s.web.servlet.DispatcherServlet [FrameworkServlet.java:532] - Initializing Servlet 'dispatcherServlet'
2025-10-10 22:11:12 [http-nio-8123-exec-2] INFO  o.s.web.servlet.DispatcherServlet [FrameworkServlet.java:554] - Completed initialization in 0 ms
2025-10-10 22:11:12 [http-nio-8123-exec-2] INFO  c.e.a.controller.HealthController [HealthController.java:18] - INFO 级别日志
2025-10-10 22:11:12 [http-nio-8123-exec-2] WARN  c.e.a.controller.HealthController [HealthController.java:19] - WARN 级别日志
2025-10-10 22:11:12 [http-nio-8123-exec-2] ERROR c.e.a.controller.HealthController [HealthController.java:20] - ERROR 级别日志
2025-10-10 22:14:57 [File Watcher] INFO  o.s.b.d.a.LocalDevToolsAutoConfiguration$RestartingClassPathChangeChangedEventListener [LocalDevToolsAutoConfiguration.java:211] - Restarting due to 1 class path change (0 additions, 1 deletion, 0 modifications)
2025-10-10 22:14:57 [Thread-5] INFO  o.s.b.w.e.tomcat.GracefulShutdown [GracefulShutdown.java:54] - Commencing graceful shutdown. Waiting for active requests to complete
2025-10-10 22:14:57 [tomcat-shutdown] INFO  o.a.coyote.http11.Http11NioProtocol [DirectJDKLog.java:168] - Pausing ProtocolHandler ["http-nio-8123"]
2025-10-10 22:14:57 [tomcat-shutdown] INFO  o.s.b.w.e.tomcat.GracefulShutdown [GracefulShutdown.java:76] - Graceful shutdown complete
2025-10-10 22:14:57 [Thread-5] INFO  o.a.coyote.http11.Http11NioProtocol [DirectJDKLog.java:168] - Stopping ProtocolHandler ["http-nio-8123"]
2025-10-10 22:14:57 [Thread-5] INFO  o.s.o.j.LocalContainerEntityManagerFactoryBean [AbstractEntityManagerFactoryBean.java:660] - Closing JPA EntityManagerFactory for persistence unit 'default'
2025-10-10 22:14:57 [Thread-5] INFO  com.zaxxer.hikari.HikariDataSource [HikariDataSource.java:349] - HikariPool-1 - Shutdown initiated...
2025-10-10 22:14:57 [Thread-5] INFO  com.zaxxer.hikari.HikariDataSource [HikariDataSource.java:351] - HikariPool-1 - Shutdown completed.
2025-10-10 22:14:57 [restartedMain] INFO  c.e.a.AfangUserBackendApplication [StartupInfoLogger.java:53] - Starting AfangUserBackendApplication using Java 21.0.8 with PID 20740 (E:\coding\AFang\backend\afang-user-backend\target\classes started by Lenovo in E:\coding\AFang\backend\afang-user-backend)
2025-10-10 22:14:57 [restartedMain] INFO  c.e.a.AfangUserBackendApplication [SpringApplication.java:652] - No active profile set, falling back to 1 default profile: "default"
2025-10-10 22:14:57 [restartedMain] INFO  o.s.d.r.c.RepositoryConfigurationDelegate [RepositoryConfigurationDelegate.java:145] - Bootstrapping Spring Data JPA repositories in DEFAULT mode.
2025-10-10 22:14:57 [restartedMain] INFO  o.s.d.r.c.RepositoryConfigurationDelegate [RepositoryConfigurationDelegate.java:213] - Finished Spring Data repository scanning in 14 ms. Found 0 JPA repository interfaces.
2025-10-10 22:14:57 [restartedMain] INFO  o.s.b.w.e.tomcat.TomcatWebServer [TomcatWebServer.java:111] - Tomcat initialized with port 8123 (http)
2025-10-10 22:14:57 [restartedMain] INFO  o.a.coyote.http11.Http11NioProtocol [DirectJDKLog.java:168] - Initializing ProtocolHandler ["http-nio-8123"]
2025-10-10 22:14:57 [restartedMain] INFO  o.a.catalina.core.StandardService [DirectJDKLog.java:168] - Starting service [Tomcat]
2025-10-10 22:14:57 [restartedMain] INFO  o.a.catalina.core.StandardEngine [DirectJDKLog.java:168] - Starting Servlet engine: [Apache Tomcat/10.1.46]
2025-10-10 22:14:57 [restartedMain] INFO  o.a.c.c.C.[.[localhost].[/api] [DirectJDKLog.java:168] - Initializing Spring embedded WebApplicationContext
2025-10-10 22:14:57 [restartedMain] INFO  o.s.b.w.s.c.ServletWebServerApplicationContext [ServletWebServerApplicationContext.java:301] - Root WebApplicationContext: initialization completed in 612 ms
2025-10-10 22:14:58 [restartedMain] INFO  com.zaxxer.hikari.HikariDataSource [HikariDataSource.java:109] - HikariPool-2 - Starting...
2025-10-10 22:14:58 [restartedMain] INFO  com.zaxxer.hikari.pool.HikariPool [HikariPool.java:580] - HikariPool-2 - Added connection com.mysql.cj.jdbc.ConnectionImpl@7a34b486
2025-10-10 22:14:58 [restartedMain] INFO  com.zaxxer.hikari.HikariDataSource [HikariDataSource.java:122] - HikariPool-2 - Start completed.
2025-10-10 22:14:58 [restartedMain] INFO  o.h.jpa.internal.util.LogHelper [LogHelper.java:31] - HHH000204: Processing PersistenceUnitInfo [name: default]
2025-10-10 22:14:58 [restartedMain] INFO  o.h.c.i.RegionFactoryInitiator [RegionFactoryInitiator.java:50] - HHH000026: Second-level cache disabled
2025-10-10 22:14:58 [restartedMain] INFO  o.s.o.j.p.SpringPersistenceUnitInfo [SpringPersistenceUnitInfo.java:87] - No LoadTimeWeaver setup: ignoring JPA class transformer
2025-10-10 22:14:58 [restartedMain] INFO  o.hibernate.orm.connections.pooling [JdbcEnvironmentInitiator.java:163] - HHH10001005: Database info:
	Database JDBC URL [Connecting through datasource 'HikariDataSource (HikariPool-2)']
	Database driver: undefined/unknown
	Database version: 8.0.43
	Autocommit mode: undefined/unknown
	Isolation level: undefined/unknown
	Minimum pool size: undefined/unknown
	Maximum pool size: undefined/unknown
2025-10-10 22:14:58 [restartedMain] INFO  o.h.e.t.j.p.i.JtaPlatformInitiator [JtaPlatformInitiator.java:59] - HHH000489: No JTA platform available (set 'hibernate.transaction.jta.platform' to enable JTA platform integration)
2025-10-10 22:14:58 [restartedMain] INFO  o.s.o.j.LocalContainerEntityManagerFactoryBean [AbstractEntityManagerFactoryBean.java:447] - Initialized JPA EntityManagerFactory for persistence unit 'default'
2025-10-10 22:14:58 [restartedMain] WARN  o.s.b.a.o.j.JpaBaseConfiguration$JpaWebConfiguration [JpaBaseConfiguration.java:258] - spring.jpa.open-in-view is enabled by default. Therefore, database queries may be performed during view rendering. Explicitly configure spring.jpa.open-in-view to disable this warning
2025-10-10 22:14:58 [restartedMain] INFO  o.s.v.b.OptionalValidatorFactoryBean [OptionalValidatorFactoryBean.java:48] - Failed to set up a Bean Validation provider: jakarta.validation.NoProviderFoundException: Unable to create a Configuration, because no Jakarta Bean Validation provider could be found. Add a provider like Hibernate Validator (RI) to your classpath.
2025-10-10 22:14:58 [restartedMain] INFO  o.s.b.d.a.OptionalLiveReloadServer [OptionalLiveReloadServer.java:59] - LiveReload server is running on port 35729
2025-10-10 22:14:58 [restartedMain] INFO  o.a.coyote.http11.Http11NioProtocol [DirectJDKLog.java:168] - Starting ProtocolHandler ["http-nio-8123"]
2025-10-10 22:14:58 [restartedMain] INFO  o.s.b.w.e.tomcat.TomcatWebServer [TomcatWebServer.java:243] - Tomcat started on port 8123 (http) with context path '/api'
2025-10-10 22:14:58 [restartedMain] INFO  c.e.a.AfangUserBackendApplication [StartupInfoLogger.java:59] - Started AfangUserBackendApplication in 1.187 seconds (process running for 244.844)
2025-10-10 22:14:58 [restartedMain] INFO  o.s.b.d.a.ConditionEvaluationDeltaLoggingListener [ConditionEvaluationDeltaLoggingListener.java:63] - Condition evaluation unchanged
2025-10-10 22:14:59 [File Watcher] INFO  o.s.b.d.a.LocalDevToolsAutoConfiguration$RestartingClassPathChangeChangedEventListener [LocalDevToolsAutoConfiguration.java:211] - Restarting due to 1 class path change (1 addition, 0 deletions, 0 modifications)
2025-10-10 22:14:59 [Thread-7] INFO  o.s.b.w.e.tomcat.GracefulShutdown [GracefulShutdown.java:54] - Commencing graceful shutdown. Waiting for active requests to complete
2025-10-10 22:14:59 [tomcat-shutdown] INFO  o.a.coyote.http11.Http11NioProtocol [DirectJDKLog.java:168] - Pausing ProtocolHandler ["http-nio-8123"]
2025-10-10 22:14:59 [tomcat-shutdown] INFO  o.s.b.w.e.tomcat.GracefulShutdown [GracefulShutdown.java:76] - Graceful shutdown complete
2025-10-10 22:14:59 [Thread-7] INFO  o.a.coyote.http11.Http11NioProtocol [DirectJDKLog.java:168] - Stopping ProtocolHandler ["http-nio-8123"]
2025-10-10 22:14:59 [Thread-7] INFO  o.s.o.j.LocalContainerEntityManagerFactoryBean [AbstractEntityManagerFactoryBean.java:660] - Closing JPA EntityManagerFactory for persistence unit 'default'
2025-10-10 22:14:59 [Thread-7] INFO  com.zaxxer.hikari.HikariDataSource [HikariDataSource.java:349] - HikariPool-2 - Shutdown initiated...
2025-10-10 22:14:59 [Thread-7] INFO  com.zaxxer.hikari.HikariDataSource [HikariDataSource.java:351] - HikariPool-2 - Shutdown completed.
2025-10-10 22:15:00 [restartedMain] INFO  c.e.a.AfangUserBackendApplication [StartupInfoLogger.java:53] - Starting AfangUserBackendApplication using Java 21.0.8 with PID 20740 (E:\coding\AFang\backend\afang-user-backend\target\classes started by Lenovo in E:\coding\AFang\backend\afang-user-backend)
2025-10-10 22:15:00 [restartedMain] INFO  c.e.a.AfangUserBackendApplication [SpringApplication.java:652] - No active profile set, falling back to 1 default profile: "default"
2025-10-10 22:15:00 [restartedMain] INFO  o.s.d.r.c.RepositoryConfigurationDelegate [RepositoryConfigurationDelegate.java:145] - Bootstrapping Spring Data JPA repositories in DEFAULT mode.
2025-10-10 22:15:00 [restartedMain] INFO  o.s.d.r.c.RepositoryConfigurationDelegate [RepositoryConfigurationDelegate.java:213] - Finished Spring Data repository scanning in 17 ms. Found 0 JPA repository interfaces.
2025-10-10 22:15:00 [restartedMain] INFO  o.s.b.w.e.tomcat.TomcatWebServer [TomcatWebServer.java:111] - Tomcat initialized with port 8123 (http)
2025-10-10 22:15:00 [restartedMain] INFO  o.a.coyote.http11.Http11NioProtocol [DirectJDKLog.java:168] - Initializing ProtocolHandler ["http-nio-8123"]
2025-10-10 22:15:00 [restartedMain] INFO  o.a.catalina.core.StandardService [DirectJDKLog.java:168] - Starting service [Tomcat]
2025-10-10 22:15:00 [restartedMain] INFO  o.a.catalina.core.StandardEngine [DirectJDKLog.java:168] - Starting Servlet engine: [Apache Tomcat/10.1.46]
2025-10-10 22:15:00 [restartedMain] INFO  o.a.c.c.C.[.[localhost].[/api] [DirectJDKLog.java:168] - Initializing Spring embedded WebApplicationContext
2025-10-10 22:15:00 [restartedMain] INFO  o.s.b.w.s.c.ServletWebServerApplicationContext [ServletWebServerApplicationContext.java:301] - Root WebApplicationContext: initialization completed in 569 ms
2025-10-10 22:15:00 [restartedMain] INFO  com.zaxxer.hikari.HikariDataSource [HikariDataSource.java:109] - HikariPool-3 - Starting...
2025-10-10 22:15:00 [restartedMain] INFO  com.zaxxer.hikari.pool.HikariPool [HikariPool.java:580] - HikariPool-3 - Added connection com.mysql.cj.jdbc.ConnectionImpl@30434b6f
2025-10-10 22:15:00 [restartedMain] INFO  com.zaxxer.hikari.HikariDataSource [HikariDataSource.java:122] - HikariPool-3 - Start completed.
2025-10-10 22:15:00 [restartedMain] INFO  o.h.jpa.internal.util.LogHelper [LogHelper.java:31] - HHH000204: Processing PersistenceUnitInfo [name: default]
2025-10-10 22:15:00 [restartedMain] INFO  o.h.c.i.RegionFactoryInitiator [RegionFactoryInitiator.java:50] - HHH000026: Second-level cache disabled
2025-10-10 22:15:00 [restartedMain] INFO  o.s.o.j.p.SpringPersistenceUnitInfo [SpringPersistenceUnitInfo.java:87] - No LoadTimeWeaver setup: ignoring JPA class transformer
2025-10-10 22:15:00 [restartedMain] INFO  o.hibernate.orm.connections.pooling [JdbcEnvironmentInitiator.java:163] - HHH10001005: Database info:
	Database JDBC URL [Connecting through datasource 'HikariDataSource (HikariPool-3)']
	Database driver: undefined/unknown
	Database version: 8.0.43
	Autocommit mode: undefined/unknown
	Isolation level: undefined/unknown
	Minimum pool size: undefined/unknown
	Maximum pool size: undefined/unknown
2025-10-10 22:15:00 [restartedMain] INFO  o.h.e.t.j.p.i.JtaPlatformInitiator [JtaPlatformInitiator.java:59] - HHH000489: No JTA platform available (set 'hibernate.transaction.jta.platform' to enable JTA platform integration)
2025-10-10 22:15:00 [restartedMain] INFO  o.s.o.j.LocalContainerEntityManagerFactoryBean [AbstractEntityManagerFactoryBean.java:447] - Initialized JPA EntityManagerFactory for persistence unit 'default'
2025-10-10 22:15:00 [restartedMain] WARN  o.s.b.a.o.j.JpaBaseConfiguration$JpaWebConfiguration [JpaBaseConfiguration.java:258] - spring.jpa.open-in-view is enabled by default. Therefore, database queries may be performed during view rendering. Explicitly configure spring.jpa.open-in-view to disable this warning
2025-10-10 22:15:00 [restartedMain] INFO  o.s.v.b.OptionalValidatorFactoryBean [OptionalValidatorFactoryBean.java:48] - Failed to set up a Bean Validation provider: jakarta.validation.NoProviderFoundException: Unable to create a Configuration, because no Jakarta Bean Validation provider could be found. Add a provider like Hibernate Validator (RI) to your classpath.
2025-10-10 22:15:01 [restartedMain] INFO  o.s.b.d.a.OptionalLiveReloadServer [OptionalLiveReloadServer.java:59] - LiveReload server is running on port 35729
2025-10-10 22:15:01 [restartedMain] INFO  o.a.coyote.http11.Http11NioProtocol [DirectJDKLog.java:168] - Starting ProtocolHandler ["http-nio-8123"]
2025-10-10 22:15:01 [restartedMain] INFO  o.s.b.w.e.tomcat.TomcatWebServer [TomcatWebServer.java:243] - Tomcat started on port 8123 (http) with context path '/api'
2025-10-10 22:15:01 [restartedMain] INFO  c.e.a.AfangUserBackendApplication [StartupInfoLogger.java:59] - Started AfangUserBackendApplication in 1.13 seconds (process running for 247.528)
2025-10-10 22:15:01 [restartedMain] INFO  o.s.b.d.a.ConditionEvaluationDeltaLoggingListener [ConditionEvaluationDeltaLoggingListener.java:63] - Condition evaluation unchanged
